<?xml version="1.0" encoding="UTF-8"?>
<!-- Generated by org.testng.reporters.JUnitReportReporter -->
<testsuite hostname="DESKTOP-A4C41UP" failures="0" tests="3" name="com.comcast.crm.contacttest.CreateContactAllBaseClassTest" time="36.894" errors="0" timestamp="2024-05-16T12:25:20 IST" skipped="0">
  <testcase classname="com.comcast.crm.contacttest.CreateContactAllBaseClassTest" name="CreateContactWithOrganizationTest" time="17.013"/>
  <testcase classname="com.comcast.crm.contacttest.CreateContactAllBaseClassTest" name="CreateContactTest" time="10.205"/>
  <testcase classname="com.comcast.crm.contacttest.CreateContactAllBaseClassTest" name="CreateContactWithSupportDateTest" time="9.676"/>
</testsuite> <!-- com.comcast.crm.contacttest.CreateContactAllBaseClassTest -->
