<?xml version="1.0" encoding="UTF-8"?>
<!-- Generated by org.testng.reporters.JUnitReportReporter -->
<testsuite hostname="DESKTOP-A4C41UP" failures="0" tests="3" name="Practice.testforAmaon.GetProductInfoTest" time="62.515" errors="0" timestamp="2024-05-13T16:55:32 IST" skipped="0">
  <testcase classname="Practice.testforAmaon.GetProductInfoTest" name="getProductInfoTest" time="23.139"/>
  <testcase classname="Practice.testforAmaon.GetProductInfoTest" name="getProductInfoTest" time="24.701"/>
  <testcase classname="Practice.testforAmaon.GetProductInfoTest" name="getProductInfoTest" time="14.675"/>
</testsuite> <!-- Practice.testforAmaon.GetProductInfoTest -->
