<?xml version="1.0" encoding="UTF-8"?>
<!-- Generated by org.testng.reporters.JUnitReportReporter -->
<testsuite hostname="DESKTOP-A4C41UP" failures="0" tests="3" name="com.comcast.crm.orgtest.CreateOrganizationAllBaseClassTest" time="52.385" errors="0" timestamp="2024-05-28T18:20:10 IST" skipped="0">
  <testcase classname="com.comcast.crm.orgtest.CreateOrganizationAllBaseClassTest" name="CreatingNewOrganizationPagewithPhonenum" time="17.084"/>
  <testcase classname="com.comcast.crm.orgtest.CreateOrganizationAllBaseClassTest" name="CreatingNewOrganizationPagewithIndustry" time="17.796"/>
  <testcase classname="com.comcast.crm.orgtest.CreateOrganizationAllBaseClassTest" name="CreateOrganizationsPage" time="17.505"/>
</testsuite> <!-- com.comcast.crm.orgtest.CreateOrganizationAllBaseClassTest -->
