<?xml version="1.0" encoding="UTF-8"?>
<!-- Generated by org.testng.reporters.JUnitXMLReporter -->
<testsuite ignored="0" hostname="DESKTOP-A4C41UP" failures="0" tests="3" name="Test-2" time="100.771" errors="0" timestamp="2024-05-15T16:02:30 IST">
  <testcase classname="com.comcast.crm.contacttest.CreateContactAllBaseClassTest" name="CreateContactTest" time="14.046"/>
  <testcase classname="com.comcast.crm.contacttest.CreateContactAllBaseClassTest" name="CreateContactWithOrganizationTest" time="29.071"/>
  <testcase classname="com.comcast.crm.contacttest.CreateContactAllBaseClassTest" name="CreateContactWithSupportDateTest" time="12.923"/>
</testsuite> <!-- Test-2 -->
