<?xml version="1.0" encoding="UTF-8"?>
<!-- Generated by org.testng.reporters.JUnitXMLReporter -->
<testsuite ignored="0" hostname="DESKTOP-A4C41UP" failures="0" tests="3" name="Test-1" time="90.727" errors="0" timestamp="2024-05-15T16:02:20 IST">
  <testcase classname="com.comcast.crm.orgtest.CreateOrganizationAllBaseClassTest" name="CreateOrganizationsPage" time="14.701"/>
  <testcase classname="com.comcast.crm.orgtest.CreateOrganizationAllBaseClassTest" name="CreatingNewOrganizationPagewithIndustry" time="15.091"/>
  <testcase classname="com.comcast.crm.orgtest.CreateOrganizationAllBaseClassTest" name="CreatingNewOrganizationPagewithPhonenum" time="14.848"/>
</testsuite> <!-- Test-1 -->
